  Building 'FsFilter1' with toolset 'WindowsKernelModeDriver10.0' and the 'Desktop' target platform.
  Stamping x64\Debug\FsFilter1.inf
  Stamping [Version] section with DriverVer=05/27/2021,4.59.46.574
D:\Programming C++\FsFilter1\FsFilter1.inf : warning 1420: [DefaultInstall]-based INF cannot be processed as Primitive.
D:\Programming C++\FsFilter1\FsFilter1.inf(25-25): warning 1421: Section [DefaultInstall] should have an architecture decoration.
D:\Programming C++\FsFilter1\FsFilter1.inf(36-36): warning 1421: Section [DefaultUninstall] should have an architecture decoration.
D:\Programming C++\FsFilter1\FsFilter1.inf(74-74): warning 1205: Section [MiniFilter.DriverFiles] referenced from DelFiles and CopyFiles directive.
  FsFilter1.c
  FsFilter1.vcxproj -> D:\Programming C++\FsFilter1\x64\Debug\FsFilter1.sys
  Done Adding Additional Store
  Successfully signed: D:\Programming C++\FsFilter1\x64\Debug\FsFilter1.sys
  
  .........................
  Signability test complete.
  
  Errors:
  None
  
  Warnings:
  None
  
  Catalog generation complete.
  D:\Programming C++\FsFilter1\x64\Debug\FsFilter1\fsfilter1.cat
  Done Adding Additional Store
  Successfully signed: D:\Programming C++\FsFilter1\x64\Debug\FsFilter1\fsfilter1.cat
  
